\BOOKMARK [0][-]{chapter*.1}{\212\214\213\035}{}% 1
\BOOKMARK [0][-]{chapter*.2}{\144\130\211\201}{}% 2
\BOOKMARK [0][-]{chapter*.3}{Abstract}{}% 3
\BOOKMARK [0][-]{chapter.1}{Introduction}{}% 4
\BOOKMARK [1][-]{section.1.1}{Motivation}{chapter.1}% 5
\BOOKMARK [1][-]{section.1.2}{Purpose}{chapter.1}% 6
\BOOKMARK [1][-]{section.1.3}{Organization}{chapter.1}% 7
\BOOKMARK [0][-]{chapter.2}{Related Works}{}% 8
\BOOKMARK [1][-]{section.2.1}{Web testing}{chapter.2}% 9
\BOOKMARK [1][-]{section.2.2}{Test evaluation}{chapter.2}% 10
\BOOKMARK [0][-]{chapter.3}{Preliminaries}{}% 11
\BOOKMARK [1][-]{section.3.1}{SpecElicitor}{chapter.3}% 12
\BOOKMARK [1][-]{section.3.2}{Normalized keywords}{chapter.3}% 13
\BOOKMARK [1][-]{section.3.3}{Support Vector Machine}{chapter.3}% 14
\BOOKMARK [0][-]{chapter.4}{WebTraceCollector}{}% 15
\BOOKMARK [1][-]{section.4.1}{Framework}{chapter.4}% 16
\BOOKMARK [1][-]{section.4.2}{Automata}{chapter.4}% 17
\BOOKMARK [1][-]{section.4.3}{Event}{chapter.4}% 18
\BOOKMARK [1][-]{section.4.4}{normalization}{chapter.4}% 19
\BOOKMARK [1][-]{section.4.5}{Algorithm}{chapter.4}% 20
\BOOKMARK [2][-]{subsection.4.5.1}{Monkey}{section.4.5}% 21
\BOOKMARK [2][-]{subsection.4.5.2}{Depth First Search}{section.4.5}% 22
\BOOKMARK [0][-]{chapter.5}{Trace Evaluation}{}% 23
\BOOKMARK [1][-]{section.5.1}{Procedure}{chapter.5}% 24
\BOOKMARK [1][-]{section.5.2}{Feature vector}{chapter.5}% 25
\BOOKMARK [1][-]{section.5.3}{Sampling traces}{chapter.5}% 26
\BOOKMARK [0][-]{chapter.6}{Experiments}{}% 27
\BOOKMARK [1][-]{section.6.1}{Trace collection}{chapter.6}% 28
\BOOKMARK [1][-]{section.6.2}{Dynamic webpages}{chapter.6}% 29
\BOOKMARK [1][-]{section.6.3}{Prediction}{chapter.6}% 30
\BOOKMARK [0][-]{chapter.7}{Conclusion}{}% 31
\BOOKMARK [1][-]{section.7.1}{Summary}{chapter.7}% 32
\BOOKMARK [1][-]{section.7.2}{Limination}{chapter.7}% 33
\BOOKMARK [1][-]{section.7.3}{Future work}{chapter.7}% 34
